<?xml version="1.0" encoding="UTF-8"?>
<!-- Generated by org.testng.reporters.JUnitReportReporter -->
<testsuite skipped="0" hostname="DESKTOP-D0UG65H" name="com.qa.testcases.CustomisedStatementTest" tests="1" failures="0" timestamp="23 Nov 2021 09:43:35 GMT" time="10.134" errors="0">
  <testcase name="fillCustomisedStatementFormTest" time="10.134" classname="com.qa.testcases.CustomisedStatementTest"/>
</testsuite> <!-- com.qa.testcases.CustomisedStatementTest -->
