<?xml version="1.0" encoding="UTF-8"?>
<!-- Generated by org.testng.reporters.JUnitReportReporter -->
<testsuite skipped="0" hostname="DESKTOP-D0UG65H" name="com.qa.testcases.TransactionDepositTest" tests="2" failures="0" timestamp="22 Nov 2021 15:07:57 GMT" time="26.252" errors="0">
  <testcase name="validateSuccessfulTransactionTextTest" time="13.194" classname="com.qa.testcases.TransactionDepositTest"/>
  <testcase name="clickOnHomeTest" time="13.058" classname="com.qa.testcases.TransactionDepositTest"/>
</testsuite> <!-- com.qa.testcases.TransactionDepositTest -->
