<?xml version="1.0" encoding="UTF-8"?>
<!-- Generated by org.testng.reporters.JUnitReportReporter -->
<testsuite skipped="0" hostname="DESKTOP-D0UG65H" name="com.qa.testcases.NewCustomerTest" tests="4" failures="0" timestamp="23 Nov 2021 09:49:12 GMT" time="54.649" errors="0">
  <testcase name="validateNewCustomerPageTitleTest" time="12.104" classname="com.qa.testcases.NewCustomerTest"/>
  <testcase name="registrationTest" time="14.270" classname="com.qa.testcases.NewCustomerTest"/>
  <testcase name="registrationTest" time="14.120" classname="com.qa.testcases.NewCustomerTest"/>
  <testcase name="registrationTest" time="14.155" classname="com.qa.testcases.NewCustomerTest"/>
</testsuite> <!-- com.qa.testcases.NewCustomerTest -->
