<?xml version="1.0" encoding="UTF-8"?>
<!-- Generated by org.testng.reporters.JUnitReportReporter -->
<testsuite skipped="0" hostname="DESKTOP-D0UG65H" name="com.qa.testcases.EditCustomerTest" tests="2" failures="0" timestamp="22 Nov 2021 12:33:26 GMT" time="18.391" errors="0">
  <testcase name="validateEditCustomerPageTitleTest" time="8.612" classname="com.qa.testcases.EditCustomerTest"/>
  <testcase name="provideCustomerIdTest" time="9.779" classname="com.qa.testcases.EditCustomerTest"/>
</testsuite> <!-- com.qa.testcases.EditCustomerTest -->
