<?xml version="1.0" encoding="UTF-8"?>
<!-- Generated by org.testng.reporters.JUnitReportReporter -->
<testsuite skipped="0" hostname="DESKTOP-D0UG65H" name="com.qa.testcases.DepositPageTest" tests="1" failures="0" timestamp="22 Nov 2021 14:49:02 GMT" time="13.012" errors="0">
  <testcase name="fillAmountDepositFormTest" time="13.012" classname="com.qa.testcases.DepositPageTest"/>
</testsuite> <!-- com.qa.testcases.DepositPageTest -->
