<?xml version="1.0" encoding="UTF-8"?>
<!-- Generated by org.testng.reporters.JUnitReportReporter -->
<testsuite skipped="0" hostname="DESKTOP-D0UG65H" name="com.qa.testcases.LoginPageTest" tests="3" failures="0" timestamp="20 Nov 2021 14:29:42 GMT" time="24.745" errors="0">
  <testcase name="validateLoginPageTitleTest" time="7.976" classname="com.qa.testcases.LoginPageTest"/>
  <testcase name="validateLoginPageLogoTest" time="7.755" classname="com.qa.testcases.LoginPageTest"/>
  <testcase name="loginTest" time="9.014" classname="com.qa.testcases.LoginPageTest"/>
</testsuite> <!-- com.qa.testcases.LoginPageTest -->
