<?xml version="1.0" encoding="UTF-8"?>
<!-- Generated by org.testng.reporters.JUnitReportReporter -->
<testsuite skipped="0" hostname="DESKTOP-D0UG65H" name="com.qa.testcases.EditCustomerEntryPageTest" tests="3" failures="0" timestamp="22 Nov 2021 13:09:00 GMT" time="38.746" errors="0">
  <testcase name="validateEditCustomerEntryPageCustomerPageTitleTest" time="9.979" classname="com.qa.testcases.EditCustomerEntryPageTest"/>
  <testcase name="editAddressTest" time="13.850" classname="com.qa.testcases.EditCustomerEntryPageTest"/>
  <testcase name="clickOnHomeTest" time="14.917" classname="com.qa.testcases.EditCustomerEntryPageTest"/>
</testsuite> <!-- com.qa.testcases.EditCustomerEntryPageTest -->
