<?xml version="1.0" encoding="UTF-8"?>
<!-- Generated by org.testng.reporters.JUnitReportReporter -->
<testsuite skipped="0" hostname="DESKTOP-D0UG65H" name="com.qa.testcases.HomePageTest" tests="3" failures="0" timestamp="20 Nov 2021 15:06:16 GMT" time="31.510" errors="0">
  <testcase name="validateManagerHomePageTitleTest" time="9.779" classname="com.qa.testcases.HomePageTest"/>
  <testcase name="validateManagerHomePageImageTest" time="9.231" classname="com.qa.testcases.HomePageTest"/>
  <testcase name="clickOnNewcustomerTest" time="12.500" classname="com.qa.testcases.HomePageTest"/>
</testsuite> <!-- com.qa.testcases.HomePageTest -->
