<?xml version="1.0" encoding="UTF-8"?>
<!-- Generated by org.testng.reporters.JUnitReportReporter -->
<testsuite skipped="0" hostname="DESKTOP-D0UG65H" name="com.qa.testcases.NewAccountTest$NewCustomerTest" tests="1" failures="0" timestamp="22 Nov 2021 13:46:03 GMT" time="13.042" errors="0">
  <testcase name="fillNewAccountFormTest" time="13.042" classname="com.qa.testcases.NewAccountTest$NewCustomerTest"/>
</testsuite> <!-- com.qa.testcases.NewAccountTest$NewCustomerTest -->
