<?xml version="1.0" encoding="UTF-8"?>
<!-- Generated by org.testng.reporters.JUnitReportReporter -->
<testsuite skipped="0" hostname="DESKTOP-D0UG65H" name="com.qa.testcases.GtplBankRegPageTest" tests="2" failures="0" timestamp="22 Nov 2021 14:11:10 GMT" time="23.681" errors="0">
  <testcase name="validateSuccessfulAccountTextTest" time="13.314" classname="com.qa.testcases.GtplBankRegPageTest"/>
  <testcase name="clickOnHomeTest" time="10.367" classname="com.qa.testcases.GtplBankRegPageTest"/>
</testsuite> <!-- com.qa.testcases.GtplBankRegPageTest -->
